   1               		.file	"twi.c"
   2               		.arch atmega128
   3               	__SREG__ = 0x3f
   4               	__SP_H__ = 0x3e
   5               	__SP_L__ = 0x3d
   6               	__tmp_reg__ = 0
   7               	__zero_reg__ = 1
   8               		.global __do_copy_data
   9               		.global __do_clear_bss
  17               	.Ltext0:
  18               	.global	init_i2c
  20               	init_i2c:
  21               	.LFB6:
  22               	.LM1:
  23               	/* prologue: frame size=0 */
  24               	/* prologue end (size=0) */
  25               	.LM2:
  26 0000 88E4      		ldi r24,lo8(72)
  27 0002 8093 7000 		sts 112,r24
  28               	.LM3:
  29 0006 1092 7100 		sts 113,__zero_reg__
  30               	/* epilogue: frame size=0 */
  31 000a 0895      		ret
  32               	/* epilogue end (size=1) */
  33               	/* function init_i2c size 6 (5) */
  34               	.LFE6:
  36               	.global	SetPointer
  38               	SetPointer:
  39               	.LFB7:
  40               	.LM4:
  41               	/* prologue: frame size=0 */
  42               	/* prologue end (size=0) */
  43 000c 482F      		mov r20,r24
  44               	.LM5:
  45 000e 84EA      		ldi r24,lo8(-92)
  46 0010 8093 7400 		sts 116,r24
  47               	.L3:
  48               	.LM6:
  49 0014 8091 7400 		lds r24,116
  50 0018 8823      		tst r24
  51 001a E4F7      		brge .L3
  52               	.LM7:
  53 001c 8091 7100 		lds r24,113
  54 0020 9927      		clr r25
  55 0022 9C01      		movw r18,r24
  56 0024 2870      		andi r18,lo8(8)
  57 0026 3070      		andi r19,hi8(8)
  58 0028 83FD      		sbrc r24,3
  59 002a 02C0      		rjmp .L6
  60               	.LM8:
  61 002c C901      		movw r24,r18
  62 002e 0895      		ret
  63               	.L6:
  64               	.LM9:
  65 0030 80ED      		ldi r24,lo8(-48)
  66 0032 8093 7300 		sts 115,r24
  67               	.LM10:
  68 0036 84E8      		ldi r24,lo8(-124)
  69 0038 8093 7400 		sts 116,r24
  70               	.L7:
  71               	.LM11:
  72 003c 8091 7400 		lds r24,116
  73 0040 8823      		tst r24
  74 0042 E4F7      		brge .L7
  75               	.LM12:
  76 0044 8091 7100 		lds r24,113
  77 0048 9927      		clr r25
  78 004a 8871      		andi r24,lo8(24)
  79 004c 9070      		andi r25,hi8(24)
  80 004e 0097      		sbiw r24,0
  81 0050 C9F0      		breq .L2
  82               	.LM13:
  83 0052 4093 7300 		sts 115,r20
  84               	.LM14:
  85 0056 84E8      		ldi r24,lo8(-124)
  86 0058 8093 7400 		sts 116,r24
  87               	.L11:
  88               	.LM15:
  89 005c 8091 7400 		lds r24,116
  90 0060 8823      		tst r24
  91 0062 E4F7      		brge .L11
  92               	.LM16:
  93 0064 8091 7100 		lds r24,113
  94 0068 9927      		clr r25
  95 006a 8872      		andi r24,lo8(40)
  96 006c 9070      		andi r25,hi8(40)
  97 006e 0097      		sbiw r24,0
  98 0070 49F0      		breq .L2
  99               	.LM17:
 100 0072 84E9      		ldi r24,lo8(-108)
 101 0074 8093 7400 		sts 116,r24
 102               	.LBB2:
 103               	.LBB3:
 104               	.LM18:
 105 0078 80EA      		ldi r24,lo8(4000)
 106 007a 9FE0      		ldi r25,hi8(4000)
 107               	.LBB4:
 108               	.LBB5:
 109               	.LM19:
 110               	/* #APP */
 111 007c 0197      		1: sbiw r24,1
 112 007e F1F7      		brne 1b
 113               	/* #NOAPP */
 114               	.LBE5:
 115               	.LBE4:
 116               	.LBE3:
 117               	.LBE2:
 118               	.LM20:
 119 0080 81E0      		ldi r24,lo8(1)
 120 0082 90E0      		ldi r25,hi8(1)
 121               	.L2:
 122               	.LM21:
 123 0084 0895      		ret
 124               	/* epilogue: frame size=0 */
 125               	/* epilogue: noreturn */
 126               	/* epilogue end (size=0) */
 127               	/* function SetPointer size 66 (66) */
 128               	.LFE7:
 130               	.global	WriteI2C
 132               	WriteI2C:
 133               	.LFB8:
 134               	.LM22:
 135               	/* prologue: frame size=0 */
 136               	/* prologue end (size=0) */
 137 0086 482F      		mov r20,r24
 138               	.LM23:
 139 0088 84EA      		ldi r24,lo8(-92)
 140 008a 8093 7400 		sts 116,r24
 141               	.L24:
 142               	.LM24:
 143 008e 8091 7400 		lds r24,116
 144 0092 8823      		tst r24
 145 0094 E4F7      		brge .L24
 146               	.LM25:
 147 0096 8091 7100 		lds r24,113
 148 009a 9927      		clr r25
 149 009c 9C01      		movw r18,r24
 150 009e 2870      		andi r18,lo8(8)
 151 00a0 3070      		andi r19,hi8(8)
 152 00a2 83FD      		sbrc r24,3
 153 00a4 02C0      		rjmp .L27
 154               	.LM26:
 155 00a6 C901      		movw r24,r18
 156 00a8 0895      		ret
 157               	.L27:
 158               	.LM27:
 159 00aa 80ED      		ldi r24,lo8(-48)
 160 00ac 8093 7300 		sts 115,r24
 161               	.LM28:
 162 00b0 84E8      		ldi r24,lo8(-124)
 163 00b2 8093 7400 		sts 116,r24
 164               	.L28:
 165               	.LM29:
 166 00b6 8091 7400 		lds r24,116
 167 00ba 8823      		tst r24
 168 00bc E4F7      		brge .L28
 169               	.LM30:
 170 00be 8091 7100 		lds r24,113
 171 00c2 9927      		clr r25
 172 00c4 8871      		andi r24,lo8(24)
 173 00c6 9070      		andi r25,hi8(24)
 174 00c8 0097      		sbiw r24,0
 175 00ca 49F1      		breq .L23
 176               	.LM31:
 177 00cc 4093 7300 		sts 115,r20
 178               	.LM32:
 179 00d0 84E8      		ldi r24,lo8(-124)
 180 00d2 8093 7400 		sts 116,r24
 181               	.L32:
 182               	.LM33:
 183 00d6 8091 7400 		lds r24,116
 184 00da 8823      		tst r24
 185 00dc E4F7      		brge .L32
 186               	.LM34:
 187 00de 8091 7100 		lds r24,113
 188 00e2 9927      		clr r25
 189 00e4 8872      		andi r24,lo8(40)
 190 00e6 9070      		andi r25,hi8(40)
 191 00e8 0097      		sbiw r24,0
 192 00ea C9F0      		breq .L23
 193               	.LM35:
 194 00ec 6093 7300 		sts 115,r22
 195               	.LM36:
 196 00f0 84E8      		ldi r24,lo8(-124)
 197 00f2 8093 7400 		sts 116,r24
 198               	.L36:
 199               	.LM37:
 200 00f6 8091 7400 		lds r24,116
 201 00fa 8823      		tst r24
 202 00fc E4F7      		brge .L36
 203               	.LM38:
 204 00fe 8091 7100 		lds r24,113
 205 0102 9927      		clr r25
 206 0104 8872      		andi r24,lo8(40)
 207 0106 9070      		andi r25,hi8(40)
 208 0108 0097      		sbiw r24,0
 209 010a 49F0      		breq .L23
 210               	.LM39:
 211 010c 84E9      		ldi r24,lo8(-108)
 212 010e 8093 7400 		sts 116,r24
 213               	.LBB6:
 214               	.LBB7:
 215               	.LM40:
 216 0112 80EA      		ldi r24,lo8(4000)
 217 0114 9FE0      		ldi r25,hi8(4000)
 218               	.LBB8:
 219               	.LBB9:
 220               	.LM41:
 221               	/* #APP */
 222 0116 0197      		1: sbiw r24,1
 223 0118 F1F7      		brne 1b
 224               	/* #NOAPP */
 225               	.LBE9:
 226               	.LBE8:
 227               	.LBE7:
 228               	.LBE6:
 229               	.LM42:
 230 011a 81E0      		ldi r24,lo8(1)
 231 011c 90E0      		ldi r25,hi8(1)
 232               	.L23:
 233               	.LM43:
 234 011e 0895      		ret
 235               	/* epilogue: frame size=0 */
 236               	/* epilogue: noreturn */
 237               	/* epilogue end (size=0) */
 238               	/* function WriteI2C size 83 (83) */
 239               	.LFE8:
 241               	.global	WriteBufI2C
 243               	WriteBufI2C:
 244               	.LFB9:
 245               	.LM44:
 246               	/* prologue: frame size=0 */
 247               	/* prologue end (size=0) */
 248 0120 582F      		mov r21,r24
 249               	.LM45:
 250 0122 84EA      		ldi r24,lo8(-92)
 251 0124 8093 7400 		sts 116,r24
 252               	.L49:
 253               	.LM46:
 254 0128 8091 7400 		lds r24,116
 255 012c 8823      		tst r24
 256 012e E4F7      		brge .L49
 257               	.LM47:
 258 0130 8091 7100 		lds r24,113
 259 0134 9927      		clr r25
 260 0136 9C01      		movw r18,r24
 261 0138 2870      		andi r18,lo8(8)
 262 013a 3070      		andi r19,hi8(8)
 263 013c 83FD      		sbrc r24,3
 264 013e 02C0      		rjmp .L52
 265               	.LM48:
 266 0140 C901      		movw r24,r18
 267 0142 0895      		ret
 268               	.L52:
 269               	.LM49:
 270 0144 80ED      		ldi r24,lo8(-48)
 271 0146 8093 7300 		sts 115,r24
 272               	.LM50:
 273 014a 84E8      		ldi r24,lo8(-124)
 274 014c 8093 7400 		sts 116,r24
 275               	.L53:
 276               	.LM51:
 277 0150 8091 7400 		lds r24,116
 278 0154 8823      		tst r24
 279 0156 E4F7      		brge .L53
 280               	.LM52:
 281 0158 8091 7100 		lds r24,113
 282 015c 9927      		clr r25
 283 015e 8871      		andi r24,lo8(24)
 284 0160 9070      		andi r25,hi8(24)
 285 0162 0097      		sbiw r24,0
 286 0164 99F1      		breq .L48
 287               	.LM53:
 288 0166 5093 7300 		sts 115,r21
 289               	.LM54:
 290 016a 84E8      		ldi r24,lo8(-124)
 291 016c 8093 7400 		sts 116,r24
 292               	.L57:
 293               	.LM55:
 294 0170 8091 7400 		lds r24,116
 295 0174 8823      		tst r24
 296 0176 E4F7      		brge .L57
 297               	.LM56:
 298 0178 8091 7100 		lds r24,113
 299 017c 9927      		clr r25
 300 017e 8872      		andi r24,lo8(40)
 301 0180 9070      		andi r25,hi8(40)
 302 0182 0097      		sbiw r24,0
 303 0184 19F1      		breq .L48
 304               	.LM57:
 305 0186 20E0      		ldi r18,lo8(0)
 306 0188 2417      		cp r18,r20
 307 018a B8F4      		brsh .L78
 308 018c 34E8      		ldi r19,lo8(-124)
 309               	.L68:
 310               	.LM58:
 311 018e FB01      		movw r30,r22
 312 0190 E20F      		add r30,r18
 313 0192 F11D      		adc r31,__zero_reg__
 314 0194 8081      		ld r24,Z
 315 0196 8093 7300 		sts 115,r24
 316               	.LM59:
 317 019a 3093 7400 		sts 116,r19
 318               	.L64:
 319               	.LM60:
 320 019e 8091 7400 		lds r24,116
 321 01a2 8823      		tst r24
 322 01a4 E4F7      		brge .L64
 323               	.LM61:
 324 01a6 8091 7100 		lds r24,113
 325 01aa 9927      		clr r25
 326 01ac 8872      		andi r24,lo8(40)
 327 01ae 9070      		andi r25,hi8(40)
 328 01b0 0097      		sbiw r24,0
 329 01b2 61F0      		breq .L48
 330               	.LM62:
 331 01b4 2F5F      		subi r18,lo8(-(1))
 332 01b6 2417      		cp r18,r20
 333 01b8 50F3      		brlo .L68
 334               	.L78:
 335               	.LM63:
 336 01ba 84E9      		ldi r24,lo8(-108)
 337 01bc 8093 7400 		sts 116,r24
 338               	.LBB10:
 339               	.LBB11:
 340               	.LM64:
 341 01c0 80EA      		ldi r24,lo8(4000)
 342 01c2 9FE0      		ldi r25,hi8(4000)
 343               	.LBB12:
 344               	.LBB13:
 345               	.LM65:
 346               	/* #APP */
 347 01c4 0197      		1: sbiw r24,1
 348 01c6 F1F7      		brne 1b
 349               	/* #NOAPP */
 350               	.LBE13:
 351               	.LBE12:
 352               	.LBE11:
 353               	.LBE10:
 354               	.LM66:
 355 01c8 81E0      		ldi r24,lo8(1)
 356 01ca 90E0      		ldi r25,hi8(1)
 357               	.L48:
 358               	.LM67:
 359 01cc 0895      		ret
 360               	/* epilogue: frame size=0 */
 361               	/* epilogue: noreturn */
 362               	/* epilogue end (size=0) */
 363               	/* function WriteBufI2C size 93 (93) */
 364               	.LFE9:
 366               	.global	ReadI2C
 368               	ReadI2C:
 369               	.LFB10:
 370               	.LM68:
 371               	/* prologue: frame size=0 */
 372               	/* prologue end (size=0) */
 373               	.LM69:
 374 01ce 21E0      		ldi r18,lo8(1)
 375               	.LM70:
 376 01d0 84EA      		ldi r24,lo8(-92)
 377 01d2 8093 7400 		sts 116,r24
 378               	.L81:
 379               	.LM71:
 380 01d6 8091 7400 		lds r24,116
 381 01da 8823      		tst r24
 382 01dc E4F7      		brge .L81
 383               	.LM72:
 384 01de 8091 7100 		lds r24,113
 385 01e2 83FF      		sbrs r24,3
 386 01e4 1BC0      		rjmp .L95
 387               	.LM73:
 388 01e6 20EF      		ldi r18,lo8(-16)
 389               	.LM74:
 390 01e8 81ED      		ldi r24,lo8(-47)
 391 01ea 8093 7300 		sts 115,r24
 392               	.LM75:
 393 01ee 84E8      		ldi r24,lo8(-124)
 394 01f0 8093 7400 		sts 116,r24
 395               	.L85:
 396               	.LM76:
 397 01f4 8091 7400 		lds r24,116
 398 01f8 8823      		tst r24
 399 01fa E4F7      		brge .L85
 400               	.LM77:
 401 01fc 8091 7100 		lds r24,113
 402 0200 86FF      		sbrs r24,6
 403 0202 0CC0      		rjmp .L95
 404               	.LM78:
 405 0204 84E8      		ldi r24,lo8(-124)
 406 0206 8093 7400 		sts 116,r24
 407               	.L89:
 408               	.LM79:
 409 020a 8091 7400 		lds r24,116
 410 020e 8823      		tst r24
 411 0210 E4F7      		brge .L89
 412               	.LM80:
 413 0212 2091 7300 		lds r18,115
 414               	.LM81:
 415 0216 84E9      		ldi r24,lo8(-108)
 416 0218 8093 7400 		sts 116,r24
 417               	.L95:
 418               	.LBB14:
 419               	.LBB15:
 420               	.LM82:
 421 021c 80EA      		ldi r24,lo8(4000)
 422 021e 9FE0      		ldi r25,hi8(4000)
 423               	.LBB16:
 424               	.LBB17:
 425               	.LM83:
 426               	/* #APP */
 427 0220 0197      		1: sbiw r24,1
 428 0222 F1F7      		brne 1b
 429               	/* #NOAPP */
 430               	.LBE17:
 431               	.LBE16:
 432               	.LBE15:
 433               	.LBE14:
 434               	.LM84:
 435 0224 822F      		mov r24,r18
 436 0226 9927      		clr r25
 437               	/* epilogue: frame size=0 */
 438 0228 0895      		ret
 439               	/* epilogue end (size=1) */
 440               	/* function ReadI2C size 51 (50) */
 441               	.LFE10:
 443               	.global	ReadBufI2C
 445               	ReadBufI2C:
 446               	.LFB11:
 447               	.LM85:
 448               	/* prologue: frame size=0 */
 449               	/* prologue end (size=0) */
 450 022a DC01      		movw r26,r24
 451               	.LM86:
 452 022c 84EA      		ldi r24,lo8(-92)
 453 022e 8093 7400 		sts 116,r24
 454               	.L101:
 455               	.LM87:
 456 0232 8091 7400 		lds r24,116
 457 0236 8823      		tst r24
 458 0238 E4F7      		brge .L101
 459               	.LM88:
 460 023a 8091 7100 		lds r24,113
 461 023e 83FF      		sbrs r24,3
 462 0240 37C0      		rjmp .L122
 463               	.LM89:
 464 0242 81ED      		ldi r24,lo8(-47)
 465 0244 8093 7300 		sts 115,r24
 466               	.LM90:
 467 0248 84E8      		ldi r24,lo8(-124)
 468 024a 8093 7400 		sts 116,r24
 469               	.L105:
 470               	.LM91:
 471 024e 8091 7400 		lds r24,116
 472 0252 8823      		tst r24
 473 0254 E4F7      		brge .L105
 474               	.LM92:
 475 0256 8091 7100 		lds r24,113
 476 025a 86FF      		sbrs r24,6
 477 025c 29C0      		rjmp .L122
 478               	.LM93:
 479 025e 20E0      		ldi r18,lo8(0)
 480 0260 7727      		clr r23
 481 0262 6150      		subi r22,lo8(-(-1))
 482 0264 7040      		sbci r23,hi8(-(-1))
 483 0266 1616      		cp __zero_reg__,r22
 484 0268 1706      		cpc __zero_reg__,r23
 485 026a 9CF4      		brge .L128
 486 026c 34EC      		ldi r19,lo8(-60)
 487               	.L115:
 488               	.LM94:
 489 026e 3093 7400 		sts 116,r19
 490               	.L112:
 491               	.LM95:
 492 0272 8091 7400 		lds r24,116
 493 0276 8823      		tst r24
 494 0278 E4F7      		brge .L112
 495               	.LM96:
 496 027a FD01      		movw r30,r26
 497 027c E20F      		add r30,r18
 498 027e F11D      		adc r31,__zero_reg__
 499 0280 8091 7300 		lds r24,115
 500 0284 8083      		st Z,r24
 501               	.LM97:
 502 0286 2F5F      		subi r18,lo8(-(1))
 503 0288 822F      		mov r24,r18
 504 028a 9927      		clr r25
 505 028c 8617      		cp r24,r22
 506 028e 9707      		cpc r25,r23
 507 0290 74F3      		brlt .L115
 508               	.L128:
 509               	.LM98:
 510 0292 84E8      		ldi r24,lo8(-124)
 511 0294 8093 7400 		sts 116,r24
 512               	.L116:
 513               	.LM99:
 514 0298 8091 7400 		lds r24,116
 515 029c 8823      		tst r24
 516 029e E4F7      		brge .L116
 517               	.LM100:
 518 02a0 A20F      		add r26,r18
 519 02a2 B11D      		adc r27,__zero_reg__
 520 02a4 8091 7300 		lds r24,115
 521 02a8 8C93      		st X,r24
 522               	.LM101:
 523 02aa 84E9      		ldi r24,lo8(-108)
 524 02ac 8093 7400 		sts 116,r24
 525               	.L122:
 526               	.LBB18:
 527               	.LBB19:
 528               	.LM102:
 529 02b0 80EA      		ldi r24,lo8(4000)
 530 02b2 9FE0      		ldi r25,hi8(4000)
 531               	.LBB20:
 532               	.LBB21:
 533               	.LM103:
 534               	/* #APP */
 535 02b4 0197      		1: sbiw r24,1
 536 02b6 F1F7      		brne 1b
 537               	/* #NOAPP */
 538               	.LBE21:
 539               	.LBE20:
 540               	.LBE19:
 541               	.LBE18:
 542               	/* epilogue: frame size=0 */
 543 02b8 0895      		ret
 544               	/* epilogue end (size=1) */
 545               	/* function ReadBufI2C size 78 (77) */
 546               	.LFE11:
 548               	.Letext0:
DEFINED SYMBOLS
                            *ABS*:00000000 twi.c
C:\DOCUME~1\XPS\USTAWI~1\Temp/ccGgaaaa.s:3      *ABS*:0000003f __SREG__
C:\DOCUME~1\XPS\USTAWI~1\Temp/ccGgaaaa.s:4      *ABS*:0000003e __SP_H__
C:\DOCUME~1\XPS\USTAWI~1\Temp/ccGgaaaa.s:5      *ABS*:0000003d __SP_L__
C:\DOCUME~1\XPS\USTAWI~1\Temp/ccGgaaaa.s:6      *ABS*:00000000 __tmp_reg__
C:\DOCUME~1\XPS\USTAWI~1\Temp/ccGgaaaa.s:7      *ABS*:00000001 __zero_reg__
C:\DOCUME~1\XPS\USTAWI~1\Temp/ccGgaaaa.s:20     .text:00000000 init_i2c
C:\DOCUME~1\XPS\USTAWI~1\Temp/ccGgaaaa.s:38     .text:0000000c SetPointer
C:\DOCUME~1\XPS\USTAWI~1\Temp/ccGgaaaa.s:132    .text:00000086 WriteI2C
C:\DOCUME~1\XPS\USTAWI~1\Temp/ccGgaaaa.s:243    .text:00000120 WriteBufI2C
C:\DOCUME~1\XPS\USTAWI~1\Temp/ccGgaaaa.s:368    .text:000001ce ReadI2C
C:\DOCUME~1\XPS\USTAWI~1\Temp/ccGgaaaa.s:445    .text:0000022a ReadBufI2C

UNDEFINED SYMBOLS
__do_copy_data
__do_clear_bss
